2022-06-13 22:39:16 DEBUG HikariPool-1 - configuration:
2022-06-13 22:39:16 DEBUG allowPoolSuspension.............false
2022-06-13 22:39:16 DEBUG autoCommit......................true
2022-06-13 22:39:16 DEBUG catalog.........................none
2022-06-13 22:39:16 DEBUG connectionInitSql...............none
2022-06-13 22:39:16 DEBUG connectionTestQuery.............none
2022-06-13 22:39:16 DEBUG connectionTimeout...............30000
2022-06-13 22:39:16 DEBUG dataSource......................none
2022-06-13 22:39:16 DEBUG dataSourceClassName.............none
2022-06-13 22:39:16 DEBUG dataSourceJNDI..................none
2022-06-13 22:39:16 DEBUG dataSourceProperties............{password=<masked>, prepStmtCacheSqlLimit=2048, cachePrepStmts=true, user=root, prepStmtCacheSize=250}
2022-06-13 22:39:16 DEBUG driverClassName.................none
2022-06-13 22:39:16 DEBUG exceptionOverrideClassName......none
2022-06-13 22:39:16 DEBUG healthCheckProperties...........{}
2022-06-13 22:39:16 DEBUG healthCheckRegistry.............none
2022-06-13 22:39:16 DEBUG idleTimeout.....................600000
2022-06-13 22:39:16 DEBUG initializationFailTimeout.......1
2022-06-13 22:39:16 DEBUG isolateInternalQueries..........false
2022-06-13 22:39:16 DEBUG jdbcUrl.........................jdbc:mysql://localhost:3306/sprint2
2022-06-13 22:39:16 DEBUG leakDetectionThreshold..........0
2022-06-13 22:39:16 DEBUG maxLifetime.....................1800000
2022-06-13 22:39:16 DEBUG maximumPoolSize.................10
2022-06-13 22:39:16 DEBUG metricRegistry..................none
2022-06-13 22:39:16 DEBUG metricsTrackerFactory...........none
2022-06-13 22:39:16 DEBUG minimumIdle.....................10
2022-06-13 22:39:16 DEBUG password........................<masked>
2022-06-13 22:39:16 DEBUG poolName........................"HikariPool-1"
2022-06-13 22:39:16 DEBUG readOnly........................false
2022-06-13 22:39:16 DEBUG registerMbeans..................false
2022-06-13 22:39:16 DEBUG scheduledExecutor...............none
2022-06-13 22:39:16 DEBUG schema..........................none
2022-06-13 22:39:16 DEBUG threadFactory...................internal
2022-06-13 22:39:16 DEBUG transactionIsolation............default
2022-06-13 22:39:16 DEBUG username........................none
2022-06-13 22:39:16 DEBUG validationTimeout...............5000
2022-06-13 22:39:16 INFO  HikariPool-1 - Starting...
2022-06-13 22:39:16 DEBUG Loaded driver with class name com.mysql.cj.jdbc.Driver for jdbcUrl=jdbc:mysql://localhost:3306/sprint2
2022-06-13 22:39:18 DEBUG HikariPool-1 - Added connection com.mysql.cj.jdbc.ConnectionImpl@7dc19a70
2022-06-13 22:39:18 INFO  HikariPool-1 - Start completed.
2022-06-13 22:39:18 DEBUG HikariPool-1 - Pool stats (total=1, active=1, idle=0, waiting=0)
2022-06-13 22:39:18 DEBUG HikariPool-1 - Added connection com.mysql.cj.jdbc.ConnectionImpl@29d5e8a3
2022-06-13 22:39:18 DEBUG HikariPool-1 - Added connection com.mysql.cj.jdbc.ConnectionImpl@49fa17ec
2022-06-13 22:39:18 ERROR java.sql.SQLIntegrityConstraintViolationException: Duplicate entry '1' for key 'detective.PRIMARY'
2022-06-13 22:39:18 DEBUG HikariPool-1 - Added connection com.mysql.cj.jdbc.ConnectionImpl@78daed96
2022-06-13 22:39:18 ERROR java.sql.SQLIntegrityConstraintViolationException: Duplicate entry '2' for key 'detective.PRIMARY'
2022-06-13 22:39:18 ERROR java.sql.SQLIntegrityConstraintViolationException: Duplicate entry '3' for key 'detective.PRIMARY'
2022-06-13 22:39:18 DEBUG HikariPool-1 - Added connection com.mysql.cj.jdbc.ConnectionImpl@4db4aaa7
2022-06-13 22:39:18 DEBUG HikariPool-1 - Added connection com.mysql.cj.jdbc.ConnectionImpl@6a8ca772
2022-06-13 22:39:18 INFO  Updated
2022-06-13 22:39:19 DEBUG HikariPool-1 - Added connection com.mysql.cj.jdbc.ConnectionImpl@12e83171
2022-06-13 22:39:19 INFO  Updated
